"../../../Noo/Content/Animations/Notifiers/NotifyAnimatioinEnd.uasset" 0
"../../../Noo/Content/Models/MusicBox/lambert1.uasset" 1
"../../../Noo/Content/Animations/hands_PhysicsAsset.uasset" 2
"../../../Noo/Content/Animations/mesh_hands.uasset" 3
"../../../Noo/Content/Animations/hands_Skeleton.uasset" 4
"../../../Noo/Content/Animations/anim_hands_down.uasset" 5
"../../../Noo/Content/Animations/anim_hands_down_idle.uasset" 6
"../../../Noo/Content/Animations/anim_hands_idle_Anim.uasset" 7
"../../../Noo/Content/Animations/anim_hands_pickup.uasset" 8
"../../../Noo/Content/Animations/anim_hands_up.uasset" 9
"../../../Noo/Content/Animations/anim_hands_windup_A_ver7.uasset" 10
"../../../Engine/Content/EditorBlueprintResources/StandardMacros.uasset" 11
"../../../Noo/Plugins/FMODStudio/Content/AnimNotify_FMODPlayEvent.uasset" 12
"../../../Noo/Content/Animations/Notifiers/NotifyStoppedTurningTheKey.uasset" 13
"../../../Noo/Content/Animations/Notifiers/NotifyStoppedWindingUp.uasset" 14
"../../../Noo/Content/FMOD/Events/Ljud/Music_Box/Music_Box_Wind.uasset" 15
"../../../Noo/Content/Animations/anim_hands_windup_B_ver7.uasset" 16
"../../../Noo/Content/Animations/anim_hands_windup_C_ver7.uasset" 17
"../../../Noo/Content/Animations/ANIM_Hands.uasset" 18
"../../../Noo/Content/Animations/Notifiers/NotifyLidClose.uasset" 19
"../../../Noo/Content/FMOD/Events/Ljud/Music_Box/Music_Box_Lid_Close.uasset" 20
"../../../Noo/Content/Meshes/Materials/lambert2.uasset" 21
"../../../Noo/Content/Animations/musicbox_PhysicsAsset.uasset" 22
"../../../Noo/Content/Animations/mesh_musicbox.uasset" 23
"../../../Noo/Content/Animations/musicbox_Skeleton.uasset" 24
"../../../Noo/Content/Animations/anim_musicbox_down.uasset" 25
"../../../Noo/Content/Animations/anim_musicbox_down_idle.uasset" 26
"../../../Noo/Content/Animations/anim_musicbox_idle_Anim.uasset" 27
"../../../Noo/Content/Animations/Notifiers/NotifyLidOpen.uasset" 28
"../../../Noo/Content/FMOD/Events/Ljud/Music_Box/Music_Box_Cloth.uasset" 29
"../../../Noo/Content/FMOD/Events/Ljud/Music_Box/Music_Box_Hand.uasset" 30
"../../../Noo/Content/FMOD/Events/Ljud/Music_Box/Music_Box_Lid_Open.uasset" 31
"../../../Noo/Content/FMOD/Events/Ljud/Music_Box/Music_Box_Ready.uasset" 32
"../../../Noo/Content/Animations/anim_musicbox_pickup.uasset" 33
"../../../Noo/Content/Animations/anim_musicbox_up.uasset" 34
"../../../Noo/Content/Animations/anim_musicbox_windup_A.uasset" 35
"../../../Noo/Content/Animations/anim_musicbox_windup_B_02.uasset" 36
"../../../Noo/Content/Animations/anim_musicbox_windup_C_02.uasset" 37
"../../../Noo/Content/Animations/ANIM_MusicBox.uasset" 38
"../../../Noo/Content/Animations/Notifiers/NotifyAnimationEndMonsterKill.uasset" 39
"../../../Noo/Content/FMOD/Events/Ljud/Fail_State/Ear_Ringing.uasset" 40
"../../../Noo/Content/FMOD/Events/Ljud/Fail_State/Fail_State_Hit.uasset" 41
"../../../Noo/Content/FMOD/Events/Ljud/Fail_State/Fail_State_Scream.uasset" 42
"../../../Noo/Content/FMOD/Events/Ljud/Fail_State/Monster_Voice_Fail.uasset" 43
"../../../Noo/Content/Monster/monster_rig_Skeleton.uasset" 44
"../../../Noo/Content/Monster/anim_monster_failstate_08_Anim.uasset" 45
"../../../Noo/Content/Camera/CameraShakeIdle.uasset" 46
"../../../Noo/Content/Meshes/Materials/mat_door.uasset" 47
"../../../Noo/Content/Meshes/Building_pieces/door_03.uasset" 48
"../../../Noo/Content/Meshes/Materials/mat_wood_01.uasset" 49
"../../../Noo/Content/Meshes/Materials/mat_wood_02.uasset" 50
"../../../Noo/Content/Meshes/Building_pieces/doorframe_03.uasset" 51
"../../../Noo/Content/Meshes/Building_pieces/mat_metal.uasset" 52
"../../../Noo/Content/Meshes/Building_pieces/doorhandle_03.uasset" 53
"../../../Noo/Content/Environment/Doors/Door_Pullable_1.uasset" 54
"../../../Noo/Content/FirstPersonBP/Blueprints/BASE_MusicBoxEntity.uasset" 55
"../../../Noo/Content/FirstPersonBP/Blueprints/BP_KillCamShake.uasset" 56
"../../../Noo/Content/Meshes/batch_10_15/batch_10/TXT_Batch10_Albedo.uasset" 57
"../../../Noo/Content/Meshes/batch_10_15/batch_10/TXT_Batch10_ARM.uasset" 58
"../../../Noo/Content/Meshes/batch_10_15/batch_10/TXT_Batch10_Normals.uasset" 59
"../../../Noo/Content/Meshes/batch_10_15/batch_10/MAT_Batch10.uasset" 60
"../../../Noo/Content/FirstPersonBP/Blueprints/STRUCT_Pill.uasset" 61
"../../../Noo/Content/FirstPersonBP/Blueprints/BP_PillFailCount.uasset" 62
"../../../Noo/Content/Testing/BASE_ActivatableEntity.uasset" 63
"../../../Noo/Content/Camera/CameraAnimWalk.uasset" 64
"../../../Noo/Content/Camera/StandUpCameraAnim_05.uasset" 65
"../../../Noo/Content/Camera/StandUpCameraAnim_postGW.uasset" 66
"../../../Noo/Content/FMOD/Events/Ljud/Fotsteg.uasset" 67
"../../../Noo/Content/FMOD/Events/Ljud/Player.uasset" 68
"../../../Noo/Content/FMOD/Events/Ljud/Sound_amb.uasset" 69
"../../../Noo/Content/FMOD/Events/Ljud/Wakeup/Wakeup.uasset" 70
"../../../Noo/Content/FMOD/Events/Ljud/Wakeup/Wakeuplong.uasset" 71
"../../../Noo/Content/FMOD/Events/Musik/Music_amb.uasset" 72
"../../../Noo/Content/FMOD/Events/Musik/speldosa.uasset" 73
"../../../Noo/Content/FMOD/Events/Snapshotevent.uasset" 74
"../../../Noo/Content/TutorialText/Activate_music_box.uasset" 75
"../../../Noo/Content/TutorialText/Hold_Ctrl_to_crouch.uasset" 76
"../../../Noo/Content/TutorialText/Move_with_WASD.uasset" 77
"../../../Noo/Content/TutorialText/Open_close_music_box.uasset" 78
"../../../Noo/Content/TutorialText/Press_E_to_interact.uasset" 79
"../../../Noo/Content/TutorialText/Put_down_music_box.uasset" 80
"../../../Noo/Content/FirstPersonBP/Blueprints/UI_Tutorial.uasset" 81
"../../../Noo/Content/Animations/MusicB_Texture_Albedo.uasset" 82
"../../../Noo/Content/Animations/MusicB_Texture_Normal.uasset" 83
"../../../Noo/Content/Animations/MusicB_Texture_RoughnessMetallicAO.uasset" 84
"../../../Noo/Content/Animations/Txt_MusicBox_Emissive_01.uasset" 85
"../../../Noo/Content/Animations/MAT_MusicBox_03.uasset" 86
"../../../Engine/Content/Functions/Engine_MaterialFunctions02/Utility/VectorLength.uasset" 87
"../../../Noo/Content/FirstPersonBP/Blueprints/MAT_PPMonsterKill.uasset" 88
"../../../Engine/Content/EngineDebugMaterials/HeatmapGradient.uasset" 89
"../../../Engine/Content/Functions/Engine_MaterialFunctions01/ImageAdjustment/CheapContrast_RGB.uasset" 90
"../../../Engine/Content/Functions/Engine_MaterialFunctions02/Utility/BreakOutFloat3Components.uasset" 91
"../../../Noo/Content/FirstPersonBP/Blueprints/noise-good.uasset" 92
"../../../Noo/Content/StarterContent/Textures/T_Perlin_Noise_M.uasset" 93
"../../../Noo/Content/FirstPersonBP/Blueprints/MAT_PPWave5.uasset" 94
"../../../Noo/Content/Models/Hands/DefaultMaterial_metallic.uasset" 95
"../../../Noo/Content/Models/Hands/MainCH_Hands_Texture_Albedo.uasset" 96
"../../../Noo/Content/Models/Hands/MainCH_Hands_Texture_Normal.uasset" 97
"../../../Noo/Content/Models/Hands/MainCH_Hands_Texture_RoughnessMetallicAO.uasset" 98
"../../../Noo/Content/Models/Hands/txt_Hands_Alpha_01.uasset" 99
"../../../Noo/Content/Models/Hands/Ch_Arms_Material.uasset" 100
"../../../Noo/Content/Monster/Txt_Monster_Albedo_01.uasset" 101
"../../../Noo/Content/Monster/Txt_Monster_Albedo_Normal_01.uasset" 102
"../../../Noo/Content/Monster/Txt_Monster_ARM+Sub_01.uasset" 103
"../../../Noo/Content/Monster/Monster_Material.uasset" 104
"../../../Noo/Content/FirstPersonBP/Blueprints/ENUM_TutorialText.uasset" 105
"../../../Noo/Content/FirstPersonBP/Blueprints/BP_SAVE_Options.uasset" 106
"../../../Noo/Content/FMOD/Buses/Master.uasset" 107
"../../../Noo/Content/FMOD/Events/Ljud/Music_Box/Music_Box_Ticking.uasset" 108
"../../../Noo/Content/FirstPersonBP/Blueprints/ropa-sans_regular.uasset" 109
"../../../Noo/Content/FirstPersonBP/Blueprints/gradient.uasset" 110
"../../../Noo/Content/FirstPersonBP/Blueprints/New_gamma_slider_icon.uasset" 111
"../../../Noo/Content/FirstPersonBP/Blueprints/MAT_GammaTest.uasset" 112
"../../../Noo/Content/FirstPersonBP/Blueprints/ENUM_MenuStates.uasset" 113
"../../../Noo/Content/FirstPersonBP/Blueprints/Menu_BG.uasset" 114
"../../../Noo/Content/FirstPersonBP/Blueprints/Menu_ornate_line.uasset" 115
"../../../Noo/Content/FirstPersonBP/Blueprints/NotesofObsession_logo.uasset" 116
"../../../Noo/Content/FirstPersonBP/Blueprints/UI_MainMenu.uasset" 117
"../../../Noo/Content/FirstPersonBP/Blueprints/Thank_you_for_playing.uasset" 118
"../../../Noo/Content/FirstPersonBP/Blueprints/Ui_ThanksForPlaying.uasset" 119
"../../../Noo/Content/Monster/monster_rig_PhysicsAsset.uasset" 120
"../../../Noo/Content/Monster/monster_rig.uasset" 121
"../../../Noo/Content/Testing/BP_FirstPersonCharacter_THEREAL.uasset" 122
"../../../Noo/Content/FMOD/Events/Ljud/Objects/Rocking_Elephant.uasset" 123
"../../../Noo/Content/Meshes/Materials/textures/txt_batch3_albedo_01.uasset" 124
"../../../Noo/Content/Meshes/Materials/textures/txt_batch3_ARM_01.uasset" 125
"../../../Noo/Content/Meshes/Materials/textures/txt_batch3_normal_01.uasset" 126
"../../../Noo/Content/Meshes/Materials/textures/MAT_Batch3.uasset" 127
"../../../Noo/Content/FMOD/fmod_project/Assets/fot_trappa1.uasset" 128
"../../../Engine/Content/Functions/Engine_MaterialFunctions01/Opacity/CameraDepthFade.uasset" 129
"../../../Engine/Content/EngineMaterials/T_Default_Material_Grid_M.uasset" 130
"../../../Engine/Content/EngineMaterials/T_Default_Material_Grid_N.uasset" 131
"../../../Engine/Content/EngineMaterials/WorldGridMaterial.uasset" 132
"../../../Noo/Content/Meshes/mesh_rockingelephant_01.uasset" 133
"../../../Noo/Content/SpookEvents/BP_RockingHorse.uasset" 134
"../../../Engine/Content/EngineSky/C_Sky_Cloud_Color.uasset" 135
"../../../Engine/Content/EngineSky/C_Sky_Horizon_Color.uasset" 136
"../../../Engine/Content/EngineSky/C_Sky_Zenith_Color.uasset" 137
"../../../Engine/Content/EngineSky/T_Sky_Blue.uasset" 138
"../../../Engine/Content/EngineSky/T_Sky_Clouds_M.uasset" 139
"../../../Engine/Content/EngineSky/T_Sky_Stars.uasset" 140
"../../../Engine/Content/EngineSky/SM_SkySphere.uasset" 141
"../../../Engine/Content/EngineSky/M_Sky_Panning_Clouds2.uasset" 142
"../../../Engine/Content/EngineSky/BP_Sky_Sphere.uasset" 143
"../../../Noo/Content/FirstPersonBP/Blueprints/STRUCT_GroupSign.uasset" 144
"../../../Noo/Content/FirstPersonBP/Blueprints/height_map.uasset" 145
"../../../Noo/Content/FirstPersonBP/Blueprints/Symbols/ring_symbol.uasset" 146
"../../../Noo/Content/FirstPersonBP/Blueprints/Symbols/symbol_001.uasset" 147
"../../../Noo/Content/FirstPersonBP/Blueprints/MAT_ReSolve.uasset" 148
"../../../Noo/Content/StarterContent/Materials/M_Basic_Wall.uasset" 149
"../../../Noo/Content/StarterContent/Shapes/Shape_Cylinder.uasset" 150
"../../../Noo/Content/FirstPersonBP/Blueprints/BP_SignGroup.uasset" 151
"../../../Noo/Content/Testing/WalkThroughDoor3.uasset" 152
"../../../Noo/Content/FMOD/Events/Ljud/Objects/Door.uasset" 153
"../../../Noo/Content/FMOD/Events/Ljud/Objects/Door_locked.uasset" 154
"../../../Noo/Content/Models/Door1/lambert1.uasset" 155
"../../../Noo/Content/Environment/Doors/Door1_Animated.uasset" 156
"../../../Noo/Content/Testing/anim_hands_guesswho_2.uasset" 157
"../../../Noo/Content/Testing/BP_GuessWhoHands.uasset" 158
"../../../Noo/Content/Testing/GuessWhoCameraAnim.uasset" 159
"../../../Noo/Content/Testing/GuessWhoCameraAnim5.uasset" 160
"../../../Noo/Content/FMOD/Events/Ljud/Last_scene_2.uasset" 161
"../../../Noo/Content/FMOD/Events/Musik/CreditMusic.uasset" 162
"../../../Noo/Content/FMOD/fmod_project/Assets/fot_trappa3.uasset" 163
"../../../Noo/Content/Environment/Doors/Door1_Animated_GuessWho.uasset" 164
"../../../Noo/Content/FMOD/Events/Ljud/Door_Slam.uasset" 165
"../../../Noo/Content/Environment/Doors/Door1_Automatic.uasset" 166
"../../../Noo/Content/Environment/Doors/Door1_Automatic_Slammer.uasset" 167
"../../../Noo/Content/Environment/Doors/Static_Door.uasset" 168
"../../../Noo/Content/StarterContent/Textures/T_Bush_D.uasset" 169
"../../../Noo/Content/StarterContent/Textures/T_Bush_N.uasset" 170
"../../../Noo/Content/StarterContent/Props/Materials/M_InsideBush.uasset" 171
"../../../Noo/Content/Meshes/batch_10_15/batch_10/MESH_Pot_01.uasset" 172
"../../../Noo/Content/StarterContent/Props/Materials/M_Bush.uasset" 173
"../../../Noo/Content/StarterContent/Props/SM_Bush.uasset" 174
"../../../Noo/Content/Environment/Foliage/BP_flowerpot_01.uasset" 175
"../../../Noo/Content/Environment/Foliage/BP_flowerpot_02.uasset" 176
"../../../Noo/Content/Environment/Foliage/BP_flowerpot_small_01.uasset" 177
"../../../Noo/Content/Meshes/mat_subsurface.uasset" 178
"../../../Noo/Content/ies/9.uasset" 179
"../../../Noo/Content/Meshes/lambert1.uasset" 180
"../../../Noo/Content/Meshes/celinglamp_01.uasset" 181
"../../../Noo/Content/Environment/Lights/BP_ceilinglamp.uasset" 182
"../../../Noo/Content/FirstPersonBP/Blueprints/BASE_LightFlicker.uasset" 183
"../../../Noo/Content/Testing/CylinderCeilingLightMat.uasset" 184
"../../../Noo/Content/ies/20.uasset" 185
"../../../Noo/Content/Meshes/mat_uvchecker.uasset" 186
"../../../Noo/Content/StarterContent/Textures/T_MacroVariation.uasset" 187
"../../../Noo/Content/StarterContent/Materials/M_Metal_Brushed_Nickel.uasset" 188
"../../../Noo/Content/Meshes/mesh_spotlight_01.uasset" 189
"../../../Noo/Content/Environment/Lights/BP_CylinderLight.uasset" 190
"../../../Engine/Content/EngineMaterials/DefaultMaterial.uasset" 191
"../../../Engine/Content/BasicShapes/Sphere.uasset" 192
"../../../Noo/Content/ies/22.uasset" 193
"../../../Noo/Content/Environment/Lights/BP_F_SpotLight.uasset" 194
"../../../Noo/Content/Environment/Lights/WallLampMat.uasset" 195
"../../../Noo/Content/Meshes/Materials/textures/Txt_Batch5_Albedo_02.uasset" 196
"../../../Noo/Content/Meshes/Materials/textures/Txt_Batch5_ARM+D.uasset" 197
"../../../Noo/Content/Meshes/Materials/textures/Txt_Batch5_Normal.uasset" 198
"../../../Noo/Content/Meshes/Materials/textures/MAT_Batch5.uasset" 199
"../../../Noo/Content/Meshes/Materials/textures/MAT_SubSurBatch5.uasset" 200
"../../../Noo/Content/Meshes/Mesh_FloorLamp_01.uasset" 201
"../../../Noo/Content/Environment/Lights/BP_FloorLight.uasset" 202
"../../../Noo/Content/Meshes/mat_emiss.uasset" 203
"../../../Noo/Content/Meshes/Materials/mat_subsurface.uasset" 204
"../../../Noo/Content/ies/13.uasset" 205
"../../../Noo/Content/Meshes/batch_10_15/batch_15/TXT_Batch15_Albedo.uasset" 206
"../../../Noo/Content/Meshes/batch_10_15/batch_15/TXT_Batch15_ARM.uasset" 207
"../../../Noo/Content/Meshes/batch_10_15/batch_15/TXT_Batch15_Normal.uasset" 208
"../../../Noo/Content/Meshes/batch_10_15/batch_15/MAT_batch15.uasset" 209
"../../../Noo/Content/Meshes/batch_10_15/batch_15/MESH_FloorLamp_01.uasset" 210
"../../../Noo/Content/Environment/Lights/BP_LargeLamp.uasset" 211
"../../../Noo/Content/Meshes/batch_10_15/batch_10/MESH_SmallLamp_01.uasset" 212
"../../../Noo/Content/Environment/Lights/BP_SmallLamp_static.uasset" 213
"../../../Noo/Content/Testing/mat_TVOff.uasset" 214
"../../../Noo/Content/ies/24.uasset" 215
"../../../Noo/Content/Meshes/Mat_Batch5.uasset" 216
"../../../Noo/Content/Meshes/Mat_Lightsources.uasset" 217
"../../../Noo/Content/Meshes/Mesh_WallLight_02_1.uasset" 218
"../../../Noo/Content/Environment/Lights/BP_WallLamp.uasset" 219
"../../../Noo/Content/FirstPersonBP/Blueprints/BP_CrazyCamShake.uasset" 220
"../../../Noo/Content/FirstPersonBP/Blueprints/BP_DarknessTrigger.uasset" 221
"../../../Noo/Content/FirstPersonBP/Blueprints/anim_monster_silhouette_PhysicsAsset.uasset" 222
"../../../Noo/Content/FirstPersonBP/Blueprints/anim_monster_silhouette.uasset" 223
"../../../Noo/Content/FirstPersonBP/Blueprints/anim_monster_silhouette_Skeleton.uasset" 224
"../../../Noo/Content/FirstPersonBP/Blueprints/anim_monster_silhouette_02.uasset" 225
"../../../Noo/Content/FirstPersonBP/Blueprints/BP_F_SpotLight.uasset" 226
"../../../Noo/Content/FirstPersonBP/Blueprints/BP_FloorLight.uasset" 227
"../../../Noo/Content/FMOD/Events/Musik/stingers.uasset" 228
"../../../Noo/Content/FirstPersonBP/Blueprints/MAT_FadeOut.uasset" 229
"../../../Noo/Content/FirstPersonBP/Blueprints/BP_DrapeTrigger.uasset" 230
"../../../Noo/Content/FMOD/Events/Ljud/LightBulb_Breaking.uasset" 231
"../../../Noo/Content/Meshes/batch_10_15/batch_20/txt_batch20_ARM_01.uasset" 232
"../../../Noo/Content/Meshes/Materials/textures/txt_batch20_albedo_01.uasset" 233
"../../../Noo/Content/Meshes/Materials/textures/txt_batch20_normal_01.uasset" 234
"../../../Noo/Content/Meshes/Materials/mat_batch20.uasset" 235
"../../../Noo/Content/Meshes/batch_10_15/batch_20/mesh_kitchenlamp_01.uasset" 236
"../../../Engine/Content/Functions/Engine_MaterialFunctions01/Gradient/RadialGradient.uasset" 237
"../../../Noo/Content/StarterContent/Particles/Materials/M_Radial_Gradient.uasset" 238
"../../../Noo/Content/StarterContent/Textures/T_Smoke_SubUV.uasset" 239
"../../../Noo/Content/StarterContent/Textures/T_Smoke_Tiled_D.uasset" 240
"../../../Noo/Content/StarterContent/Particles/Materials/M_smoke_subUV.uasset" 241
"../../../Noo/Content/StarterContent/Textures/T_Spark_Core.uasset" 242
"../../../Noo/Content/StarterContent/Particles/Materials/M_Spark.uasset" 243
"../../../Noo/Content/SpookEvents/SpookyLampExplosion/Lightbulb_Sparks.uasset" 244
"../../../Noo/Content/FirstPersonBP/Blueprints/BP_LightIntensityTrigger.uasset" 245
"../../../Noo/Content/Animations/Notifiers/NotifyAnimationEndMonster.uasset" 246
"../../../Noo/Content/FMOD/Events/Ljud/Monster/Movement/Monster_rising.uasset" 247
"../../../Noo/Content/Monster/anim_monster_react_03_Anim.uasset" 248
"../../../Noo/Content/Monster/anim_monster_idle_03_Anim.uasset" 249
"../../../Noo/Content/FMOD/Events/Ljud/Monster/Movement/MonsterHandsteps.uasset" 250
"../../../Noo/Content/Monster/anim_monster_runcycle_03_Anim.uasset" 251
"../../../Noo/Content/FMOD/Events/Ljud/Monster/Voice/Monster_Noise.uasset" 252
"../../../Noo/Content/Monster/anim_monster_walkcycle_03_Anim.uasset" 253
"../../../Noo/Content/Monster/MonsterBlendSpace.uasset" 254
"../../../Noo/Content/Monster/MonsterAnimation.uasset" 255
"../../../Noo/Content/Monster/BP_PatrolPoints.uasset" 256
"../../../Noo/Content/FirstPersonBP/Blueprints/BP_MonsterSeeShake.uasset" 257
"../../../Noo/Content/FMOD/Events/Ljud/Monster/Movement/MonsterWalk.uasset" 258
"../../../Noo/Content/FMOD/Events/Ljud/Monster/Voice/Monster_Agitated.uasset" 259
"../../../Noo/Content/FMOD/Events/Musik/Mu_Monster.uasset" 260
"../../../Noo/Content/Monster/ENUM_MonsterMovement.uasset" 261
"../../../Noo/Content/FirstPersonBP/Blueprints/BP_MonsterAI.uasset" 262
"../../../Noo/Content/Animations/anim_musicbox_closed.uasset" 263
"../../../Noo/Content/FirstPersonBP/Blueprints/BP_MusicBoxStationary.uasset" 264
"../../../Noo/Content/FirstPersonBP/Blueprints/BP_RoomPivot.uasset" 265
"../../../Noo/Content/FMOD/Events/Ljud/Box_hits.uasset" 266
"../../../Noo/Content/Meshes/Materials/textures/interior_01_mat_interior_01_BaseColor.uasset" 267
"../../../Noo/Content/Meshes/Materials/textures/interior_01_mat_interior_01_Normal.uasset" 268
"../../../Noo/Content/Meshes/Materials/textures/interior_01_mat_interior_01_RoughnessMetallic.uasset" 269
"../../../Noo/Content/Meshes/Materials/textures/MAT_Interior01.uasset" 270
"../../../Noo/Content/Meshes/mesh_toybox_polySurface33.uasset" 271
"../../../Noo/Content/Meshes/mesh_toybox_polySurface34.uasset" 272
"../../../Noo/Content/FirstPersonBP/Blueprints/BP_ShakingChest.uasset" 273
"../../../Noo/Content/FMOD/Events/Ljud/Symbols/Symbol_Interact.uasset" 274
"../../../Engine/Content/Functions/Engine_MaterialFunctions02/Utility/MakeFloat4.uasset" 275
"../../../Noo/Content/FirstPersonBP/Blueprints/MAT_Dissolve.uasset" 276
"../../../Engine/Content/BasicShapes/Cylinder.uasset" 277
"../../../Noo/Content/StarterContent/Textures/T_Burst_M.uasset" 278
"../../../Noo/Content/StarterContent/Particles/Materials/M_Burst.uasset" 279
"../../../Noo/Content/StarterContent/Particles/Materials/M_radial_ramp.uasset" 280
"../../../Noo/Content/FirstPersonBP/Blueprints/P_TakeSign.uasset" 281
"../../../Noo/Content/FMOD/Events/Ljud/Symbols/Symbol_Fade.uasset" 282
"../../../Noo/Content/FirstPersonBP/Blueprints/BP_Sign.uasset" 283
"../../../Noo/Content/FMOD/Events/Ljud/Objects/Shutdoor.uasset" 284
"../../../Noo/Content/FMOD/Events/Ljud/Objects/Shutdoor_locked.uasset" 285
"../../../Noo/Content/Meshes/batch_10_15/batch_11/TXT_Batch11_Albedo.uasset" 286
"../../../Noo/Content/Meshes/batch_10_15/batch_11/TXT_Batch11_ARM.uasset" 287
"../../../Noo/Content/Meshes/batch_10_15/batch_11/TXT_Batch11_Normals.uasset" 288
"../../../Noo/Content/Meshes/batch_10_15/batch_11/MAT_Batch11.uasset" 289
"../../../Noo/Content/Meshes/Materials/M_Glass_Stained.uasset" 290
"../../../Noo/Content/Meshes/batch_10_15/batch_11/MESH_Sliding_01.uasset" 291
"../../../Noo/Content/FirstPersonBP/Blueprints/BP_SlidingDoor_old.uasset" 292
"../../../Noo/Content/FMOD/Events/Ljud/Objects/Tv.uasset" 293
"../../../Engine/Content/Functions/Engine_MaterialFunctions02/Texturing/CustomRotator.uasset" 294
"../../../Engine/Content/Functions/Engine_MaterialFunctions02/Utility/BreakOutFloat2Components.uasset" 295
"../../../Engine/Content/Functions/Engine_MaterialFunctions02/Utility/MakeFloat2.uasset" 296
"../../../Noo/Content/FirstPersonBP/Blueprints/MAT_Noise.uasset" 297
"../../../Noo/Content/Meshes/mesh_tv_01.uasset" 298
"../../../Noo/Content/Meshes/Monster_Silhouette.uasset" 299
"../../../Noo/Content/FirstPersonBP/Blueprints/BP_TVTrigger.uasset" 300
"../../../Noo/Content/FMOD/Events/Ljud/MonsterActivity_Room3.uasset" 301
"../../../Noo/Content/FMOD/Events/Ljud/Wardrobe_2d.uasset" 302
"../../../Noo/Content/SpookEvents/BP_MonsterActivitySound.uasset" 303
"../../../Noo/Content/SpookEvents/BP_MonsterActivity.uasset" 304
"../../../Noo/Content/SpookEvents/SpookyLampExplosion/Lightbulb_off.uasset" 305
"../../../Noo/Content/SpookEvents/BP_Plane.uasset" 306
"../../../Noo/Content/SpookEvents/BP_ToyCarRoute.uasset" 307
"../../../Noo/Content/SpookEvents/Lightbulb_Lit_Red.uasset" 308
"../../../Noo/Content/SpookEvents/SpookyLampExplosion/Lightbulb_Lit.uasset" 309
"../../../Noo/Content/StarterContent/Materials/M_Basic_Floor.uasset" 310
"../../../Engine/Content/BasicShapes/Cube.uasset" 311
"../../../Noo/Content/SpookEvents/BP_ToyCar.uasset" 312
"../../../Noo/Content/FMOD/Events/Ljud/Lights.uasset" 313
"../../../Noo/Content/SpookEvents/SpookyLampExplosion/MAT_LightPlastic.uasset" 314
"../../../Noo/Content/SpookEvents/SpookyLampExplosion/MAT_LightBulb.uasset" 315
"../../../Noo/Content/SpookEvents/SpookyLampExplosion/Mat_LightMetal.uasset" 316
"../../../Noo/Content/Environment/Lights/Mesh_WardrobeLight_01.uasset" 317
"../../../Noo/Content/SpookEvents/SpookyLampExplosion/BP_ExplodingLamp.uasset" 318
"../../../Noo/Content/FMOD/Events/Ljud/Knocking.uasset" 319
"../../../Noo/Content/FMOD/Events/Ljud/Pulling_Handle.uasset" 320
"../../../Noo/Content/SpookEvents/Door1_Automatic_Glance.uasset" 321
"../../../Noo/Content/Testing/Door1_Kitchen_Slammer.uasset" 322
"../../../Noo/Content/FMOD/Events/Ljud/DarknessTrigger.uasset" 323
"../../../Noo/Content/FMOD/Events/Musik/Rum_4.uasset" 324
"../../../Engine/Content/BasicShapes/BasicShapeMaterial.uasset" 325
"../../../Noo/Content/FirstPersonBP/Blueprints/MAT_Bush_Wind_Strong.uasset" 326
"../../../Noo/Content/FirstPersonBP/Blueprints/MAT_BushWind.uasset" 327
"../../../Noo/Content/Testing/frosted_glass_pattern.uasset" 328
"../../../Noo/Content/FirstPersonBP/Blueprints/MAT_Drape.uasset" 329
"../../../Noo/Content/FirstPersonBP/Blueprints/MAT_Moon.uasset" 330
"../../../Noo/Content/Meshes/batch_10_15/batch_14/TXT_Batch14_Albedo.uasset" 331
"../../../Noo/Content/Meshes/batch_10_15/batch_14/TXT_Batch14_ARM.uasset" 332
"../../../Noo/Content/Meshes/batch_10_15/batch_14/TXT_Batch14_Normals.uasset" 333
"../../../Noo/Content/Meshes/batch_10_15/batch_14/MAT_batch14.uasset" 334
"../../../Noo/Content/Meshes/batch_10_15/batch_20/grunge_map_15_bitmap_output.uasset" 335
"../../../Noo/Content/Meshes/batch_10_15/batch_20/mat_kitchenwood_01.uasset" 336
"../../../Noo/Content/Meshes/Boxes/TXT_Boxes_Albedo.uasset" 337
"../../../Noo/Content/Meshes/Boxes/TXT_Boxes_ARM.uasset" 338
"../../../Noo/Content/Meshes/Boxes/TXT_Boxes_Normal.uasset" 339
"../../../Noo/Content/Meshes/Boxes/MAT_Boxes.uasset" 340
"../../../Noo/Content/Meshes/Default_Material.uasset" 341
"../../../Noo/Content/Meshes/MAT_emissive_subtle.uasset" 342
"../../../Noo/Content/Meshes/mat_metal.uasset" 343
"../../../Noo/Content/Meshes/Materials/celing_base.uasset" 344
"../../../Noo/Content/Meshes/Materials/celing_basecolor.uasset" 345
"../../../Noo/Content/Meshes/Materials/celing_normal.uasset" 346
"../../../Noo/Content/Meshes/Materials/mat_celing.uasset" 347
"../../../Noo/Content/Meshes/Materials/mat_emiss.uasset" 348
"../../../Noo/Content/Meshes/Materials/Txt_KidsDrawings__Normal_01.uasset" 349
"../../../Noo/Content/Meshes/Materials/Txt_KidsDrawings_Albedo_01.uasset" 350
"../../../Noo/Content/Meshes/Materials/Txt_KidsDrawings_ARM_01.uasset" 351
"../../../Noo/Content/Meshes/Materials/mat_kidsdrwaing.uasset" 352
"../../../Noo/Content/Meshes/Materials/textures/woodlist_01_basecolor.uasset" 353
"../../../Noo/Content/Meshes/Materials/textures/woodlist_01_normal.uasset" 354
"../../../Noo/Content/Meshes/Materials/textures/woodlist_01_ram.uasset" 355
"../../../Noo/Content/Meshes/Materials/mat_list.uasset" 356
"../../../Noo/Content/Meshes/Materials/parkett_basecolor.uasset" 357
"../../../Noo/Content/Meshes/Materials/parkett_normal.uasset" 358
"../../../Noo/Content/Meshes/Materials/parkett_rma.uasset" 359
"../../../Noo/Content/Meshes/Materials/parqett.uasset" 360
"../../../Noo/Content/Meshes/Materials/textures/Txt_Batch2_Albedo_1.uasset" 361
"../../../Noo/Content/Meshes/Materials/textures/Txt_Batch2_Normal_1.uasset" 362
"../../../Noo/Content/Meshes/Materials/textures/Txt_Batch2_RoughnessMetallicAODirt.uasset" 363
"../../../Noo/Content/Meshes/Materials/textures/MAT_Batch24.uasset" 364
"../../../Noo/Content/Meshes/WeaponCabinet/txt_albedo_weaponcabinet_01.uasset" 365
"../../../Noo/Content/Meshes/WeaponCabinet/txt_ARM_weaponcabinet_01.uasset" 366
"../../../Noo/Content/Meshes/WeaponCabinet/txt_normal_weaponcabinet_01.uasset" 367
"../../../Noo/Content/Meshes/WeaponCabinet/MAT_Cabinet.uasset" 368
"../../../Noo/Content/Meshes/WeaponCabinet/mat_glass.uasset" 369
"../../../Engine/Content/Functions/Engine_MaterialFunctions01/Opacity/AlphaOffset.uasset" 370
"../../../Noo/Content/StarterContent/Textures/T_Wood_Floor_Walnut_D.uasset" 371
"../../../Noo/Content/StarterContent/Textures/T_Wood_Floor_Walnut_M.uasset" 372
"../../../Noo/Content/StarterContent/Textures/T_Wood_Floor_Walnut_N.uasset" 373
"../../../Noo/Content/StarterContent/Materials/M_Wood_Floor_Walnut_Worn.uasset" 374
"../../../Noo/Content/StarterContent/Textures/T_Wood_Oak_D.uasset" 375
"../../../Noo/Content/StarterContent/Textures/T_Wood_Oak_N.uasset" 376
"../../../Noo/Content/StarterContent/Materials/M_Wood_Oak.uasset" 377
"../../../Noo/Content/StarterContent/Textures/T_Wood_Walnut_D.uasset" 378
"../../../Noo/Content/StarterContent/Textures/T_Wood_Walnut_N.uasset" 379
"../../../Noo/Content/StarterContent/Materials/M_Wood_Walnut.uasset" 380
"../../../Noo/Content/Materials/rainnormal.uasset" 381
"../../../Noo/Content/Testing/RainTest/RainDropTrailLarge.uasset" 382
"../../../Noo/Content/Meshes/batch_10_15/batch_20/doodle_ARM.uasset" 383
"../../../Noo/Content/Meshes/batch_10_15/batch_20/doodle_basecolor.uasset" 384
"../../../Noo/Content/Meshes/batch_10_15/batch_20/doodle_normal.uasset" 385
"../../../Noo/Content/Meshes/batch_10_15/batch_20/mat_kakel.uasset" 386
"../../../Noo/Content/Meshes/batch_10_15/batch_20/mat_kakel_Inst.uasset" 387
"../../../Noo/Content/Meshes/Materials/textures/guess_who.uasset" 388
"../../../Noo/Content/Meshes/Materials/textures/guess_who_norm.uasset" 389
"../../../Noo/Content/Meshes/Materials/guess_who.uasset" 390
"../../../Noo/Content/Meshes/Materials/guess_who_Inst.uasset" 391
"../../../Noo/Content/Meshes/Materials/textures/dirt_ARM.uasset" 392
"../../../Noo/Content/Meshes/Materials/textures/dirt_basecolor.uasset" 393
"../../../Noo/Content/Meshes/Materials/textures/dirt_normal.uasset" 394
"../../../Noo/Content/Meshes/Materials/textures/leaks_basecolor.uasset" 395
"../../../Noo/Content/Meshes/Materials/textures/wall_ARM.uasset" 396
"../../../Noo/Content/Meshes/Materials/textures/wall_basecolor.uasset" 397
"../../../Noo/Content/Meshes/Materials/textures/wall_normal.uasset" 398
"../../../Noo/Content/Meshes/Materials/textures/Yubrs.uasset" 399
"../../../Noo/Content/Meshes/Materials/mat_wall_01.uasset" 400
"../../../Noo/Content/Meshes/Materials/mat_celing_01.uasset" 401
"../../../Noo/Content/Meshes/Materials/mat_wall_01_Inst_01.uasset" 402
"../../../Noo/Content/Meshes/Materials/mat_wall_01_Inst_02.uasset" 403
"../../../Noo/Content/Meshes/Materials/mat_wall_01_Inst_03.uasset" 404
"../../../Noo/Content/Meshes/Materials/mat_wall_list.uasset" 405
"../../../Engine/Content/Functions/Engine_MaterialFunctions02/Utility/CameraDirectionVector.uasset" 406
"../../../Engine/Content/EngineVolumetrics/Fogsheet/Materials/T_EV_BlankWhite_01.uasset" 407
"../../../Engine/Content/Functions/Engine_MaterialFunctions01/Texturing/ParallaxOcclusionMapping.uasset" 408
"../../../Engine/Content/Functions/Engine_MaterialFunctions02/Utility/MakeFloat3.uasset" 409
"../../../Noo/Content/Meshes/Rug/6-abstract-retro-geometric-pattern-atthamee-ni.uasset" 410
"../../../Noo/Content/Meshes/Rug/mat_rug_basecolor.uasset" 411
"../../../Noo/Content/Meshes/Rug/mat_rug_normal.uasset" 412
"../../../Noo/Content/Meshes/Rug/mat_rug.uasset" 413
"../../../Noo/Content/Meshes/Rug/rug_pattern_01.uasset" 414
"../../../Noo/Content/Meshes/Rug/mat_rug_Inst.uasset" 415
"../../../Noo/Content/Meshes/Rug/rug_pattern_02.uasset" 416
"../../../Noo/Content/Meshes/Rug/mat_rug_Inst2.uasset" 417
"../../../Noo/Content/Meshes/Rug/kids_rug.uasset" 418
"../../../Noo/Content/Meshes/Rug/mat_rug_Inst3.uasset" 419
"../../../Noo/Content/Meshes/Rug/Living_room_carpet_tileable.uasset" 420
"../../../Noo/Content/Meshes/Rug/mat_rug_Inst4.uasset" 421
"../../../Noo/Content/StarterContent/Textures/T_Concrete_Panels_D.uasset" 422
"../../../Noo/Content/Meshes/Rug/mat_rug_Inst5.uasset" 423
"../../../Noo/Content/Meshes/Rug/bedroom_carpet_tileable.uasset" 424
"../../../Noo/Content/Meshes/Rug/mat_rug_Inst5_Inst6.uasset" 425
"../../../Engine/Content/MapTemplates/Sky/DaylightAmbientCubemap.uasset" 426
"../../../Noo/Content/StarterContent/Blueprints/Assets/M_LightStage_Skybox_Master.uasset" 427
"../../../Noo/Content/StarterContent/Blueprints/Assets/M_LightStage_Skybox_Black.uasset" 428
"../../../Noo/Content/FirstPersonBP/Blueprints/Symbols/symbol_002.uasset" 429
"../../../Noo/Content/FirstPersonBP/Blueprints/Symbols/symbol_003.uasset" 430
"../../../Noo/Content/FirstPersonBP/Blueprints/Symbols/symbol_004.uasset" 431
"../../../Noo/Content/FirstPersonBP/Blueprints/Symbols/symbol_005.uasset" 432
"../../../Noo/Content/FirstPersonBP/Blueprints/Symbols/symbol_006.uasset" 433
"../../../Noo/Content/FirstPersonBP/Blueprints/Symbols/symbol_007.uasset" 434
"../../../Noo/Content/Meshes/batch_10_15/batch_10/TXT_Batch10_Albedo_Books.uasset" 435
"../../../Noo/Content/Meshes/batch_10_15/batch_10/MAT_Batch10_books.uasset" 436
"../../../Noo/Content/Meshes/batch_10_15/batch_10/MESH_BookClusters_01_polySurface251.uasset" 437
"../../../Noo/Content/Meshes/batch_10_15/batch_10/MESH_BookClusters_01_polySurface339.uasset" 438
"../../../Noo/Content/Meshes/batch_10_15/batch_10/MESH_BookClusters_01_polySurface363.uasset" 439
"../../../Noo/Content/Meshes/batch_10_15/batch_10/MESH_BookClusters_01_polySurface365.uasset" 440
"../../../Noo/Content/Meshes/batch_10_15/batch_10/MESH_BookClusters_01_polySurface373.uasset" 441
"../../../Noo/Content/Meshes/batch_10_15/batch_10/MESH_BooksBatch_01_polySurface251.uasset" 442
"../../../Noo/Content/Meshes/batch_10_15/batch_10/MESH_BooksBatch_01_polySurface252.uasset" 443
"../../../Noo/Content/Meshes/batch_10_15/batch_10/MESH_BooksBatch_01_polySurface253.uasset" 444
"../../../Noo/Content/Meshes/batch_10_15/batch_10/MESH_BooksBatch_01_polySurface254.uasset" 445
"../../../Noo/Content/Meshes/batch_10_15/batch_10/MESH_BooksBatch_01_polySurface255.uasset" 446
"../../../Noo/Content/Meshes/batch_10_15/batch_10/MESH_BooksBatch_01_polySurface256.uasset" 447
"../../../Noo/Content/Meshes/batch_10_15/batch_10/MESH_Candle_01.uasset" 448
"../../../Noo/Content/Meshes/batch_10_15/batch_10/MESH_FridgeNotes_01.uasset" 449
"../../../Noo/Content/Meshes/batch_10_15/batch_10/MESH_LettersBatch_01_polySurface262.uasset" 450
"../../../Noo/Content/Meshes/batch_10_15/batch_10/MESH_LettersBatch_01_polySurface263.uasset" 451
"../../../Noo/Content/Meshes/batch_10_15/batch_10/MESH_LettersBatch_01_polySurface264.uasset" 452
"../../../Noo/Content/Meshes/batch_10_15/batch_10/MESH_MatryoshkaLarge_01.uasset" 453
"../../../Noo/Content/Meshes/batch_10_15/batch_10/MESH_MatryoshkaSmall_01.uasset" 454
"../../../Noo/Content/Meshes/batch_10_15/batch_10/MESH_MedsBox_01.uasset" 455
"../../../Noo/Content/Meshes/batch_10_15/batch_10/MESH_MedsCanLarge_01.uasset" 456
"../../../Noo/Content/Meshes/batch_10_15/batch_10/MESH_MedsCanSmall_01.uasset" 457
"../../../Noo/Content/Meshes/batch_10_15/batch_10/MESH_NewspapersBatch_01_polySurface259.uasset" 458
"../../../Noo/Content/Meshes/batch_10_15/batch_10/MESH_NewspapersBatch_01_polySurface260.uasset" 459
"../../../Noo/Content/Meshes/batch_10_15/batch_10/MESH_NewspapersBatch_01_polySurface261.uasset" 460
"../../../Noo/Content/Meshes/batch_10_15/batch_10/MESH_PaintingsBatch_01_polySurface265.uasset" 461
"../../../Noo/Content/Meshes/batch_10_15/batch_10/MESH_PaintingsBatch_01_polySurface270.uasset" 462
"../../../Noo/Content/Meshes/batch_10_15/batch_10/MESH_PaintingsBatch_01_polySurface271.uasset" 463
"../../../Noo/Content/Meshes/batch_10_15/batch_10/MESH_PaintingsBatch_01_polySurface272.uasset" 464
"../../../Noo/Content/Meshes/batch_10_15/batch_10/MESH_PaintingsBatch_01_polySurface273.uasset" 465
"../../../Noo/Content/Meshes/batch_10_15/batch_10/MESH_PaintingsBatch_01_polySurface274.uasset" 466
"../../../Noo/Content/Meshes/batch_10_15/batch_10/MESH_PaintingsBatch_01_polySurface275.uasset" 467
"../../../Noo/Content/Meshes/batch_10_15/batch_10/MESH_PaintingsBatch_01_polySurface276.uasset" 468
"../../../Noo/Content/Meshes/batch_10_15/batch_10/MESH_PaintingsBatch_01_polySurface277.uasset" 469
"../../../Noo/Content/Meshes/batch_10_15/batch_10/MESH_PaintingsBatch_01_polySurface278.uasset" 470
"../../../Noo/Content/Meshes/batch_10_15/batch_10/MESH_PaintingsBatch_01_polySurface279.uasset" 471
"../../../Noo/Content/Meshes/batch_10_15/batch_10/MESH_PaintingsBatch_01_polySurface280.uasset" 472
"../../../Noo/Content/Meshes/batch_10_15/batch_10/MESH_ReadingTable_01.uasset" 473
"../../../Noo/Content/Meshes/batch_10_15/batch_11/MESH_Bookshelf_01.uasset" 474
"../../../Noo/Content/Meshes/batch_10_15/batch_11/MESH_Bureau_01.uasset" 475
"../../../Noo/Content/Meshes/batch_10_15/batch_11/MESH_ReadingLampLarge_01.uasset" 476
"../../../Noo/Content/Meshes/batch_10_15/batch_12/TXT_Batch12__Normal.uasset" 477
"../../../Noo/Content/Meshes/batch_10_15/batch_12/TXT_Batch12_Albedo.uasset" 478
"../../../Noo/Content/Meshes/batch_10_15/batch_12/TXT_Batch12_ARM.uasset" 479
"../../../Noo/Content/Meshes/batch_10_15/batch_12/MAT_Batch12.uasset" 480
"../../../Noo/Content/Meshes/batch_10_15/batch_12/MESH_Sofa_01.uasset" 481
"../../../Noo/Content/Meshes/batch_10_15/batch_12/MESH_SofaPart2_01.uasset" 482
"../../../Noo/Content/Meshes/batch_10_15/batch_13/TXT_Batch13_Albedo.uasset" 483
"../../../Noo/Content/Meshes/batch_10_15/batch_13/TXT_Batch13_ARM.uasset" 484
"../../../Noo/Content/Meshes/batch_10_15/batch_13/TXT_Batch13_Normals.uasset" 485
"../../../Noo/Content/Meshes/batch_10_15/batch_13/MAT_Batch13.uasset" 486
"../../../Noo/Content/Meshes/batch_10_15/batch_13/MESH_FamilyPortrait_01.uasset" 487
"../../../Noo/Content/Meshes/batch_10_15/batch_13/MESH_ReadingChair_01.uasset" 488
"../../../Noo/Content/Meshes/batch_10_15/batch_13/MESH_TVTable_02.uasset" 489
"../../../Noo/Content/Meshes/batch_10_15/batch_14/MESH_DiningRoomHangLight_01.uasset" 490
"../../../Noo/Content/Meshes/batch_10_15/batch_14/MESH_DiningTable_01.uasset" 491
"../../../Noo/Content/Meshes/batch_10_15/batch_14/MESH_LargeDiningChair_01.uasset" 492
"../../../Noo/Content/Meshes/batch_10_15/batch_14/MESH_LivingRoomhangLight_01.uasset" 493
"../../../Noo/Content/Meshes/batch_10_15/batch_14/MESH_SmallDiningChair_01.uasset" 494
"../../../Noo/Content/Meshes/batch_10_15/batch_14/MESH_SofaTable_01.uasset" 495
"../../../Noo/Content/Meshes/batch_10_15/batch_14/MESH_underlagg_01.uasset" 496
"../../../Noo/Content/Meshes/batch_10_15/batch_15/MESH_BedroomLargeBureau_01.uasset" 497
"../../../Noo/Content/Meshes/batch_10_15/batch_15/MESH_BedroomSmallBureau_01.uasset" 498
"../../../Noo/Content/Meshes/batch_10_15/batch_15/MESH_LargeBed_01.uasset" 499
"../../../Noo/Content/StarterContent/Materials/M_Glass.uasset" 500
"../../../Noo/Content/Meshes/batch_10_15/batch_20/mesh_bottle_01.uasset" 501
"../../../Noo/Content/Meshes/batch_10_15/batch_20/mesh_celingshelf_01.uasset" 502
"../../../Noo/Content/StarterContent/Textures/T_Metal_Steel_D.uasset" 503
"../../../Noo/Content/StarterContent/Textures/T_Metal_Steel_N.uasset" 504
"../../../Noo/Content/StarterContent/Materials/M_Metal_Steel.uasset" 505
"../../../Noo/Content/Meshes/batch_10_15/batch_20/mat_kitchendoors_01.uasset" 506
"../../../Noo/Content/Meshes/batch_10_15/batch_20/mat_kitchendoors_01_Inst.uasset" 507
"../../../Noo/Content/Meshes/batch_10_15/batch_20/mat_kitchenwood_01_Inst.uasset" 508
"../../../Noo/Content/Meshes/batch_10_15/batch_20/mesh_counter_01.uasset" 509
"../../../Noo/Content/Meshes/batch_10_15/batch_20/mesh_dish_01.uasset" 510
"../../../Noo/Content/Meshes/batch_10_15/batch_20/mesh_fan_01.uasset" 511
"../../../Noo/Content/Meshes/batch_10_15/batch_20/mesh_kitchencabinet_01.uasset" 512
"../../../Noo/Content/Meshes/batch_10_15/batch_20/mesh_kitchenisland_01.uasset" 513
"../../../Noo/Content/Meshes/batch_10_15/batch_20/mesh_koffe_01.uasset" 514
"../../../Noo/Content/Meshes/batch_10_15/batch_20/mesh_microwave_01.uasset" 515
"../../../Noo/Content/StarterContent/Textures/T_Metal_Aluminum_D.uasset" 516
"../../../Noo/Content/StarterContent/Textures/T_Metal_Gold_N.uasset" 517
"../../../Noo/Content/StarterContent/Materials/M_Metal_Burnished_Steel.uasset" 518
"../../../Noo/Content/Meshes/batch_10_15/batch_20/mesh_oven_01.uasset" 519
"../../../Noo/Content/Meshes/batch_10_15/batch_20/mesh_overshelf_01.uasset" 520
"../../../Noo/Content/Meshes/batch_10_15/batch_20/mesh_overshelfcorner_01.uasset" 521
"../../../Noo/Content/Meshes/batch_10_15/batch_20/mesh_papertowel_01.uasset" 522
"../../../Noo/Content/Meshes/batch_10_15/batch_20/mesh_platestack_01.uasset" 523
"../../../Noo/Content/Meshes/batch_10_15/batch_20/mesh_pot_01.uasset" 524
"../../../Noo/Content/Meshes/batch_10_15/batch_20/mesh_refridgirator_01.uasset" 525
"../../../Noo/Content/Meshes/bookshelf_01.uasset" 526
"../../../Noo/Content/Meshes/Boxes/MESH_BoxesBATCH_01_pCube1.uasset" 527
"../../../Noo/Content/Meshes/Boxes/MESH_BoxesBATCH_01_pCube2.uasset" 528
"../../../Noo/Content/Meshes/Boxes/MESH_BoxesBATCH_01_pCube3.uasset" 529
"../../../Noo/Content/Meshes/Boxes/MESH_BoxesBATCH_01_pCube4.uasset" 530
"../../../Noo/Content/Meshes/Building_pieces/mesh_kidsfloor_01.uasset" 531
"../../../Noo/Content/Meshes/Building_pieces/mesh_livingroomwall_01.uasset" 532
"../../../Noo/Content/Meshes/Building_pieces/mesh_lowerfloor_01.uasset" 533
"../../../Noo/Content/Meshes/Building_pieces/mesh_lowerroof_01.uasset" 534
"../../../Noo/Content/Meshes/Building_pieces/mesh_pillar_01.uasset" 535
"../../../Noo/Content/Testing/RainTest/RainDropTrail.uasset" 536
"../../../Noo/Content/Meshes/Building_pieces/mesh_slantedwallwindow_01.uasset" 537
"../../../Noo/Content/Meshes/Building_pieces/mesh_stairs_01.uasset" 538
"../../../Noo/Content/Meshes/Building_pieces/mesh_uppefloor_01.uasset" 539
"../../../Noo/Content/Meshes/Building_pieces/mesh_upperfloorroof_01.uasset" 540
"../../../Noo/Content/Testing/FrostedGlass3.uasset" 541
"../../../Noo/Content/Meshes/Building_pieces/railing_01.uasset" 542
"../../../Noo/Content/Meshes/Building_pieces/roof_01.uasset" 543
"../../../Noo/Content/Meshes/Building_pieces/slantedwall_03.uasset" 544
"../../../Noo/Content/Meshes/Building_pieces/wall_04.uasset" 545
"../../../Noo/Content/Meshes/Building_pieces/wall_half_01.uasset" 546
"../../../Noo/Content/Meshes/Building_pieces/wall_pillar_01.uasset" 547
"../../../Noo/Content/Meshes/Building_pieces/walldoor_01.uasset" 548
"../../../Noo/Content/Meshes/Building_pieces/walldubbel_01.uasset" 549
"../../../Noo/Content/Meshes/Building_pieces/walldubbeldoor_01.uasset" 550
"../../../Noo/Content/Meshes/Building_pieces/walldubbelhalf_01.uasset" 551
"../../../Noo/Content/Meshes/Building_pieces/walldubbelsingledoor_01.uasset" 552
"../../../Noo/Content/Meshes/Building_pieces/wallsup_01.uasset" 553
"../../../Noo/Content/Meshes/Building_pieces/wallwindow_01.uasset" 554
"../../../Noo/Content/Meshes/Building_pieces/wallwindownorm_01.uasset" 555
"../../../Noo/Content/Meshes/Building_pieces/wardrobe_01.uasset" 556
"../../../Noo/Content/Meshes/cozytabel_01.uasset" 557
"../../../Noo/Content/Meshes/lightswitch_01.uasset" 558
"../../../Noo/Content/Meshes/Mesh_BandyClub_01.uasset" 559
"../../../Noo/Content/Meshes/Mesh_Beanbag_01.uasset" 560
"../../../Noo/Content/Meshes/mesh_bed_01.uasset" 561
"../../../Noo/Content/Meshes/mesh_blanket_01.uasset" 562
"../../../Noo/Content/Meshes/Mesh_BlindMonkey_1.uasset" 563
"../../../Noo/Content/Meshes/Mesh_ChalkboardW_Stand_1.uasset" 564
"../../../Noo/Content/Meshes/Mesh_ChalkPile_01.uasset" 565
"../../../Noo/Content/Meshes/mesh_coathanger_01.uasset" 566
"../../../Noo/Content/Meshes/Mesh_CrayonPile_01.uasset" 567
"../../../Noo/Content/Meshes/mesh_cuttingboard_01.uasset" 568
"../../../Noo/Content/Meshes/Mesh_DeafMonkey_1.uasset" 569
"../../../Noo/Content/Meshes/mat_drape.uasset" 570
"../../../Noo/Content/Meshes/mat_list.uasset" 571
"../../../Noo/Content/Meshes/mesh_drape_01.uasset" 572
"../../../Noo/Content/Meshes/Mesh_FallenJengaTower_01.uasset" 573
"../../../Noo/Content/Meshes/Mesh_giraffe_1.uasset" 574
"../../../Noo/Content/Meshes/Mesh_Grownupsboard_1.uasset" 575
"../../../Noo/Content/Meshes/mesh_hardbread_01.uasset" 576
"../../../Noo/Content/Meshes/mesh_inductionsurface_01.uasset" 577
"../../../Noo/Content/Meshes/Mesh_JengaTower_01.uasset" 578
"../../../Noo/Content/Meshes/Mesh_KidsChair_1.uasset" 579
"../../../Noo/Content/Meshes/Mesh_KidsTable_1.uasset" 580
"../../../Noo/Content/Meshes/mesh_lammel_01.uasset" 581
"../../../Noo/Content/Meshes/Mesh_LargeElephant_1.uasset" 582
"../../../Noo/Content/Meshes/Mesh_LargeRadiator_01.uasset" 583
"../../../Noo/Content/Meshes/Mesh_Necklace_01.uasset" 584
"../../../Noo/Content/Meshes/Mesh_NightLight_01.uasset" 585
"../../../Noo/Content/Meshes/mesh_pillow_01.uasset" 586
"../../../Noo/Content/Meshes/Mesh_Remote_01.uasset" 587
"../../../Noo/Content/Meshes/Mesh_ScaryElephant_1.uasset" 588
"../../../Noo/Content/Meshes/Mesh_ShelfLight_01.uasset" 589
"../../../Noo/Content/Meshes/Mesh_SmallElephant_1.uasset" 590
"../../../Noo/Content/Meshes/Mesh_SmallFrame_01.uasset" 591
"../../../Noo/Content/Meshes/Mesh_SmallRadiator_01.uasset" 592
"../../../Noo/Content/Meshes/Mesh_Socket_01.uasset" 593
"../../../Noo/Content/Meshes/mesh_thrashcan_01.uasset" 594
"../../../Noo/Content/Meshes/Mesh_TVLight_01.uasset" 595
"../../../Noo/Content/Meshes/mesh_wardobedrawer_01.uasset" 596
"../../../Noo/Content/Meshes/mesh_wardrobebox_01.uasset" 597
"../../../Noo/Content/Meshes/mesh_wardroberod_01.uasset" 598
"../../../Noo/Content/Meshes/MAT_Drawings_01.uasset" 599
"../../../Noo/Content/Meshes/Meshes_KidsDrawings_01_polySurface19.uasset" 600
"../../../Noo/Content/Meshes/Meshes_KidsDrawings_01_polySurface20.uasset" 601
"../../../Noo/Content/Meshes/Meshes_KidsDrawings_01_polySurface21.uasset" 602
"../../../Noo/Content/Meshes/Meshes_KidsDrawings_01_polySurface22.uasset" 603
"../../../Noo/Content/Meshes/Meshes_KidsDrawings_01_polySurface23.uasset" 604
"../../../Noo/Content/Meshes/Meshes_KidsDrawings_01_polySurface24.uasset" 605
"../../../Noo/Content/Meshes/Meshes_KidsDrawings_01_polySurface25.uasset" 606
"../../../Noo/Content/Meshes/Meshes_KidsDrawings_01_polySurface26.uasset" 607
"../../../Noo/Content/Meshes/Meshes_KidsDrawings_01_polySurface27.uasset" 608
"../../../Noo/Content/Meshes/Meshes_KidsDrawings_01_polySurface28.uasset" 609
"../../../Noo/Content/Meshes/Meshes_KidsDrawings_01_polySurface29.uasset" 610
"../../../Noo/Content/Meshes/Meshes_KidsDrawings_01_polySurface30.uasset" 611
"../../../Noo/Content/Meshes/Meshes_KidsDrawings_01_polySurface31.uasset" 612
"../../../Noo/Content/Meshes/Meshes_KidsDrawings_01_polySurface32.uasset" 613
"../../../Noo/Content/Meshes/Meshes_KidsDrawings_01_polySurface33.uasset" 614
"../../../Noo/Content/Meshes/nightstand_01.uasset" 615
"../../../Noo/Content/Meshes/Rug/rug_01.uasset" 616
"../../../Noo/Content/Meshes/Rug/rug_02.uasset" 617
"../../../Noo/Content/Meshes/shelf_01.uasset" 618
"../../../Noo/Content/Meshes/shelf_02.uasset" 619
"../../../Noo/Content/Meshes/SwordRack/TXT_Weapons+Rack_Albedo.uasset" 620
"../../../Noo/Content/Meshes/SwordRack/TXT_Weapons+Rack_ARM.uasset" 621
"../../../Noo/Content/Meshes/SwordRack/TXT_Weapons+Rack_Normal.uasset" 622
"../../../Noo/Content/Meshes/SwordRack/MAT_Weapons_Rack_01.uasset" 623
"../../../Noo/Content/Meshes/SwordRack/MESH_Sword.uasset" 624
"../../../Noo/Content/Meshes/SwordRack/MESH_WeaponRack.uasset" 625
"../../../Noo/Content/Meshes/toybox_01.uasset" 626
"../../../Noo/Content/Meshes/tvtable_01.uasset" 627
"../../../Noo/Content/Meshes/WeaponCabinet/mat_uvchecker_01.uasset" 628
"../../../Noo/Content/Meshes/WeaponCabinet/mesh_weaponcabinet_010.uasset" 629
"../../../Noo/Content/Monster/ENUM_MonsterEvents.uasset" 630
"../../../Noo/Content/StarterContent/HDRI/HDRI_Epic_Courtyard_Daylight.uasset" 631
"../../../Noo/Content/StarterContent/Textures/T_Dust_Particle_D.uasset" 632
"../../../Noo/Content/StarterContent/Particles/Materials/M_Dust_Particle.uasset" 633
"../../../Noo/Content/StarterContent/Particles/P_Ambient_Dust.uasset" 634
"../../../Noo/Content/StarterContent/Textures/T_CobbleStone_Smooth_D.uasset" 635
"../../../Engine/Content/EngineMaterials/OrientParticle.uasset" 636
"../../../Engine/Content/EngineMaterials/DefaultParticle.uasset" 637
"../../../Noo/Content/Testing/RainTest/testrain.uasset" 638
"../../../Noo/Content/Testing/RainTest/Rain_Material.uasset" 639
"../../../Noo/Content/Testing/RainTest/P_Rain.uasset" 640
"../../../Noo/Content/Testing/RainTest/P_Rain_Short.uasset" 641
"../../../Noo/Content/Testing/RainTest/P_Rainmist.uasset" 642
"../../../Noo/Content/Testing/RGBTable16x1.uasset" 643
"../../../Noo/Content/FMOD/Events/Ljud/Rain/Rain_muffled.uasset" 644
"../../../Noo/Content/FMOD/Events/Ljud/Rain/Rain_window.uasset" 645
"../../../Noo/Content/FMOD/Events/Ljud/Rain/Rain.uasset" 646
"../../../Noo/Content/Maps/blockout_09A_newlighting.umap" 647
"../../../Engine/Content/EngineMaterials/DefaultDiffuse.uasset" 648
"../../../Engine/Content/EngineMaterials/DefaultNormal.uasset" 649
"../../../Engine/Content/Maps/Entry.umap" 650
"../../../Noo/Content/FMOD/Events/Ljud/Final_Scene/Harriet_Stabbing.uasset" 651
"../../../Noo/Content/FMOD/Events/Ljud/Final_Scene/Harriet_Strikes.uasset" 652
"../../../Noo/Content/FMOD/Events/Ljud/Final_Scene/Weapon_Hum.uasset" 653
"../../../Noo/Content/end_scene_content/dagger_only_test_15_Skeleton.uasset" 654
"../../../Noo/Content/end_scene_content/dagger_only_test_15_Anim.uasset" 655
"../../../Noo/Content/FMOD/Events/Ljud/Final_Scene/Charge.uasset" 656
"../../../Noo/Content/end_scene_content/hands_only_test_15.uasset" 657
"../../../Noo/Content/FMOD/Events/Ljud/Final_Scene/Monster_Death_Voice.uasset" 658
"../../../Noo/Content/end_scene_content/monster_only_test_17_unreal_SkeletalMeshComponent0_Anim.uasset" 659
"../../../Noo/Content/end_scene_content/dagger_only_test_15_PhysicsAsset.uasset" 660
"../../../Noo/Content/end_scene_content/dagger_only_test_15.uasset" 661
"../../../Noo/Content/end_scene_content/BP_CharEnd.uasset" 662
"../../../Noo/Content/FirstPersonBP/Blueprints/Text/Fix_it.uasset" 663
"../../../Noo/Content/FirstPersonBP/Blueprints/Text/Fix_it_normal.uasset" 664
"../../../Noo/Content/Meshes/Materials/TEXT_Fix_it.uasset" 665
"../../../Noo/Content/FirstPersonBP/Blueprints/Text/You_shouldnt_have_done_that_Harriet.uasset" 666
"../../../Noo/Content/FirstPersonBP/Blueprints/Text/You_shouldnt_have_done_that_Harriet_normal.uasset" 667
"../../../Noo/Content/Meshes/Materials/TEXT_harriet.uasset" 668
"../../../Noo/Content/FirstPersonBP/Blueprints/BP_WallText.uasset" 669
"../../../Noo/Content/Environment/Lights/BP_SmallLamp.uasset" 670
"../../../Noo/Content/Meshes/male_doll_rig_01_Skeleton.uasset" 671
"../../../Noo/Content/Meshes/male_doll_rig_01.uasset" 672
"../../../Noo/Content/FirstPersonBP/Blueprints/BP_DollTrigger.uasset" 673
"../../../Noo/Content/FirstPersonBP/Blueprints/BP_SlidingDoor.uasset" 674
"../../../Noo/Content/Meshes/mesh_cabinetdoor_01.uasset" 675
"../../../Noo/Content/Meshes/mesh_cabinetbase_01.uasset" 676
"../../../Noo/Content/FirstPersonBP/Blueprints/BP_WeaponCabinet.uasset" 677
"../../../Noo/Content/Monster/Blood/Txt_Blood_Albedo_01.uasset" 678
"../../../Noo/Content/Monster/Blood/Txt_Blood_ARM_01.uasset" 679
"../../../Noo/Content/Monster/Blood/Txt_Blood_Normals_01.uasset" 680
"../../../Noo/Content/Monster/Blood/Mat_Bloodspatter_01.uasset" 681
"../../../Noo/Content/Monster/Blood/Mesh_BloodDecalsBatch_01_polySurface1.uasset" 682
"../../../Noo/Content/Monster/Blood/BP_BloodPatches.uasset" 683
"../../../Noo/Content/FMOD/Events/Ljud/Crazy_whisper.uasset" 684
"../../../Noo/Content/FMOD/Events/Ljud/Whisper_pan.uasset" 685
"../../../Noo/Content/Meshes/batch_10_15/batch_11/MAT_Bulb_01.uasset" 686
"../../../Noo/Content/Meshes/decal_test_01.uasset" 687
"../../../Noo/Content/Meshes/decal_test_01_Mat.uasset" 688
"../../../Noo/Content/FirstPersonBP/Blueprints/Text/It_was_all_a_mistake.uasset" 689
"../../../Noo/Content/FirstPersonBP/Blueprints/Text/It_was_all_a_mistake_normal.uasset" 690
"../../../Noo/Content/Meshes/Materials/TEXT_It_was_a_mistake.uasset" 691
"../../../Noo/Content/FirstPersonBP/Blueprints/Text/What_were_you_thinking.uasset" 692
"../../../Noo/Content/FirstPersonBP/Blueprints/Text/What_were_you_thinking_normal.uasset" 693
"../../../Noo/Content/Meshes/Materials/TEXT_think_hariet_think.uasset" 694
"../../../Noo/Content/end_scene_content/monster_dead_pose_06.uasset" 695
"../../../Noo/Content/FirstPersonBP/Blueprints/RGBTable16x1_lvl1_01.uasset" 696
"../../../Noo/Content/Meshes/female_doll_rig_01_Skeleton.uasset" 697
"../../../Noo/Content/Meshes/female_doll_rig_01.uasset" 698
"../../../Noo/Content/Monster/Blood/Mesh_BloodDecalsBatch_01_pPlane1.uasset" 699
"../../../Noo/Content/Monster/Blood/Mesh_BloodDecalsBatch_01_pPlane2.uasset" 700
"../../../Noo/Content/Monster/Blood/Mesh_BloodDecalsBatch_01_pPlane3.uasset" 701
"../../../Noo/Content/Monster/Blood/Mesh_BloodDecalsBatch_01_pPlane4.uasset" 702
"../../../Noo/Content/Monster/Blood/Mesh_BloodDecalsBatch_01_pPlane5.uasset" 703
"../../../Noo/Content/Maps/blockout_09B_newlighting.umap" 704
"../../../Engine/Content/EditorResources/S_Actor.uasset" 705
"../../../Engine/Content/Maps/Templates/Thumbnails/Default.uasset" 706
"../../../Engine/Content/EditorMaterials/ParticleSystems/PSysThumbnail_NoImage.uasset" 707
"../../../Engine/Content/EditorMaterials/ParticleSystems/PSysThumbnail_OOD.uasset" 708
"../../../Engine/Content/EditorLandscapeResources/DataLayer.uasset" 709
"../../../Engine/Content/EngineFonts/Roboto.uasset" 710
"../../../Engine/Content/Functions/Engine_MaterialFunctions01/Shading/PowerToRoughness.uasset" 711
"../../../Engine/Content/Functions/Engine_MaterialFunctions01/Shading/ConvertFromDiffSpec.uasset" 712
"../../../Engine/Content/EngineMaterials/DefaultDeferredDecalMaterial.uasset" 713
"../../../Engine/Content/EngineMaterials/DefaultLightFunctionMaterial.uasset" 714
"../../../Engine/Content/EngineMaterials/DefaultPostProcessMaterial.uasset" 715
"../../../Engine/Content/EngineResources/DefaultTexture.uasset" 716
"../../../Engine/Content/Functions/Engine_MaterialFunctions02/Texturing/ScreenAlignedUVs.uasset" 717
"../../../Engine/Content/EngineResources/WhiteSquareTexture.uasset" 718
"../../../Engine/Content/EngineMaterials/Widget3DPassThrough.uasset" 719
"../../../Engine/Content/EngineMaterials/Widget3DPassThrough_Translucent.uasset" 720
"../../../Engine/Content/EngineMaterials/Widget3DPassThrough_Translucent_OneSided.uasset" 721
"../../../Engine/Content/EngineMaterials/Widget3DPassThrough_Opaque.uasset" 722
"../../../Engine/Content/EngineMaterials/Widget3DPassThrough_Opaque_OneSided.uasset" 723
"../../../Engine/Content/EngineMaterials/Widget3DPassThrough_Masked.uasset" 724
"../../../Engine/Content/EngineMaterials/Widget3DPassThrough_Masked_OneSided.uasset" 725
"../../../Engine/Content/EngineDamageTypes/DmgTypeBP_Environmental.uasset" 726
"../../../Engine/Content/EngineMeshes/Sphere.uasset" 727
"../../../Engine/Content/EngineFonts/RobotoDistanceField.uasset" 728
"../../../Engine/Content/EngineMaterials/DefaultTextMaterialOpaque.uasset" 729
"../../../Engine/Content/EditorResources/S_Trigger.uasset" 730
"../../../Engine/Content/EngineResources/GradientTexture0.uasset" 731
"../../../Engine/Content/EngineResources/Black.uasset" 732
"../../../Engine/Content/EditorMaterials/MatineeGroups/MAT_Groups_Float.uasset" 733
"../../../Engine/Content/EditorMaterials/MatineeGroups/MAT_Groups_Director.uasset" 734
"../../../Engine/Content/EditorMaterials/MatineeGroups/MAT_Groups_Event.uasset" 735
"../../../Engine/Content/EditorMaterials/MatineeGroups/MAT_Groups_Anim.uasset" 736
"../../../Engine/Content/EditorMaterials/MatineeGroups/MAT_Groups_Fade.uasset" 737
"../../../Engine/Content/EditorMaterials/MatineeGroups/MAT_Groups_Move.uasset" 738
"../../../Engine/Content/EditorMaterials/MatineeGroups/MAT_Groups_Slomo.uasset" 739
"../../../Engine/Content/EditorMaterials/MatineeGroups/MAT_ColorTrack.uasset" 740
"../../../Engine/Content/EditorMaterials/MAT_Groups_Toggle.uasset" 741
"../../../Engine/Content/EditorMaterials/MatineeGroups/MAT_Groups_AudioMaster.uasset" 742
"../../../Engine/Content/EditorMaterials/MatineeGroups/MAT_Groups_Sound.uasset" 743
"../../../Engine/Content/EditorMaterials/MatineeGroups/MAT_Groups_Vector.uasset" 744
"../../../Engine/Content/EditorMaterials/MAT_Groups_Visibility.uasset" 745
"../../../Engine/Content/EngineResources/DefaultTextureCube.uasset" 746
"../../../Engine/Content/EngineMeshes/Cylinder.uasset" 747
"../../../Engine/Content/EngineTireTypes/DefaultTireType.uasset" 748
"../../../Engine/Content/EngineResources/AICON-Red.uasset" 749
"../../../Engine/Content/EngineResources/AICON-Green.uasset" 750
"../../../Engine/Content/Tutorial/Basics/LevelEditorAttract.uasset" 751
"../../../Engine/Content/Tutorial/ContentIntroCurve.uasset" 752
"../../../Engine/Plugins/2D/Paper2D/Content/PlaceholderTextures/DummySpriteTexture.uasset" 753
"../../../Engine/Plugins/2D/Paper2D/Content/DefaultSpriteMaterial.uasset" 754
"../../../Engine/Plugins/2D/Paper2D/Content/MaskedUnlitSpriteMaterial.uasset" 755
"../../../Engine/Plugins/2D/Paper2D/Content/OpaqueUnlitSpriteMaterial.uasset" 756
"../../../Engine/Plugins/2D/Paper2D/Content/DummySpriteTexture.uasset" 757
"../../../Engine/Plugins/2D/Paper2D/Content/DummySprite.uasset" 758
"../../../Engine/Plugins/2D/Paper2D/Content/DefaultPaperTerrainMaterial.uasset" 759
"../../../Noo/Content/FMOD/Snapshots/MuteAll.uasset" 760
"../../../Noo/Content/FMOD/Reverbs/MuteAll.uasset" 761
"../../../Noo/Content/FMOD/Buses/Master/Rum_4.uasset" 762
"../../../Noo/Content/FMOD/Snapshots/AmbInt.uasset" 763
"../../../Noo/Content/FMOD/Reverbs/AmbInt.uasset" 764
"../../../Noo/Content/FMOD/Buses/Master/RoamAmb.uasset" 765
"../../../Noo/Content/FMOD/Events/Musik/Mu_random_roam_start.uasset" 766
"../../../Noo/Content/FMOD/Buses/Master/Reverb.uasset" 767
"../../../Noo/Content/FMOD/Buses/Reverb.uasset" 768
"../../../Noo/Content/FMOD/Buses/Master/MainRoam.uasset" 769
"../../../Noo/Content/FMOD/Buses/Master/Sound_amb.uasset" 770
"../../../Noo/Content/FMOD/Events/Musik/skabb_loop_2.uasset" 771
"../../../Noo/Content/FMOD/Buses/Master/Skabbloop.uasset" 772
"../../../Noo/Content/FMOD/Buses/Master/Music_amb.uasset" 773
"../../../Noo/Content/FMOD/Events/Ljud/Music_Box/Music_Box_Whine.uasset" 774
"../../../Noo/Content/FMOD/Events/Ljud/Final_Scene/Stab.uasset" 775
"../../../Noo/Content/FMOD/Snapshots/MuteMusic.uasset" 776
"../../../Noo/Content/FMOD/Reverbs/MuteMusic.uasset" 777
"../../../Noo/Content/FMOD/Buses/Master/Monster.uasset" 778
"../../../Noo/Content/FMOD/Events/Ljud/Monster/Voice/Monster_Hiss.uasset" 779
"../../../Noo/Content/FMOD/Events/Ljud/Monster/Voice/Monster_Sickly.uasset" 780
"../../../Noo/Content/FMOD/Events/Ljud/Lamp_Switch.uasset" 781
"../../../Noo/Content/FMOD/Snapshots/MuteSound.uasset" 782
"../../../Noo/Content/FMOD/Reverbs/MuteSound.uasset" 783
"../../../Noo/Content/FMOD/Events/Musik/skabb_loop.uasset" 784
"../../../Noo/Content/FMOD/Buses/Master/Roam_Amb_Start.uasset" 785
"../../../Noo/Content/FMOD/Buses/Master/Musicbox.uasset" 786
"../../../Noo/Content/FMOD/Events/Ljud/Symbols/Symbol_Intensity.uasset" 787
"../../../Noo/Content/FMOD/Buses/Master/Music_sting.uasset" 788
"../../../Noo/Content/FMOD/Events/Musik/Mu_random_roam.uasset" 789
"../../../Noo/Content/FMOD/Events/Ljud/Stab.uasset" 790
"../../../Noo/Content/FMOD/Snapshots/UnmuteAll.uasset" 791
"../../../Noo/Content/FMOD/Reverbs/UnmuteAll.uasset" 792
"../../../Noo/Content/FMOD/Banks/Master_Bank.uasset" 793
"../../../Noo/Content/FMOD/Events/Ljud/Objects/Element.uasset" 794
"../../../Noo/Content/FMOD/Events/Ljud/Last_scene_1.uasset" 795
"../../../Noo/Content/FMOD/Snapshots/MuteMusicSound.uasset" 796
"../../../Noo/Content/FMOD/Reverbs/MuteMusicSound.uasset" 797
"../../../Noo/Content/FMOD/Events/Ljud/Objects/Living_Room_Tv.uasset" 798
"../../../Noo/Content/FMOD/Events/Musik/Credits.uasset" 799
"../../../Noo/Content/FMOD/Buses/Master/Crazywhisp.uasset" 800
"../../../Noo/Content/FMOD/Snapshots/Musicbox.uasset" 801
"../../../Noo/Content/FMOD/Reverbs/Musicbox.uasset" 802
"../../../Engine/Plugins/Runtime/LeapMotionController/Content/LM_CapsuleMesh.uasset" 803
"../../../Engine/Plugins/Runtime/LeapMotionController/Content/LM_TorusMesh.uasset" 804
"../../../Engine/Plugins/Runtime/LeapMotionController/Content/LM_HandColor.uasset" 805
"../../../Engine/Plugins/Runtime/LeapMotionController/Content/LM_SampleDistortion.uasset" 806
"../../../Engine/Plugins/Runtime/LeapMotionController/Content/LM_TestTexture.uasset" 807
"../../../Engine/Plugins/Runtime/LeapMotionController/Content/LM_PassthroughMaterial.uasset" 808
"../../../Engine/Content/EngineMaterials/RemoveSurfaceMaterial.uasset" 809
"../../../Engine/Content/EngineDebugMaterials/DebugMeshMaterial.uasset" 810
"../../../Engine/Content/EngineMaterials/InvalidLightmapSettings.uasset" 811
"../../../Engine/Content/EngineMaterials/M_InvalidLightmapSettings.uasset" 812
"../../../Engine/Content/EditorMaterials/GizmoMaterial.uasset" 813
"../../../Engine/Content/EngineMaterials/Good64x64TilingNoiseHighFreq.uasset" 814
"../../../Engine/Content/EngineMaterials/DefaultBokeh.uasset" 815
"../../../Engine/Content/EngineMaterials/PreintegratedSkinBRDF.uasset" 816
"../../../Engine/Content/EngineMaterials/MiniFont.uasset" 817
"../../../Engine/Content/EngineMaterials/WeightMapPlaceholderTexture.uasset" 818
"../../../Engine/Content/EngineMaterials/DefaultWhiteGrid.uasset" 819
"../../../Engine/Content/EngineMaterials/DefaultPhysicalMaterial.uasset" 820
"../../../Engine/Content/EngineFonts/RobotoTiny.uasset" 821
"../../../Engine/Content/MobileResources/HUD/MobileHUDButton2_on.uasset" 822
"../../../Engine/Content/MobileResources/HUD/MobileHUDDirectionStick.uasset" 823
"../../../Engine/Content/MobileResources/HUD/MobileHUDButton1_on.uasset" 824
"../../../Engine/Content/MobileResources/HUD/MobileHUDDirectionPad2.uasset" 825
"../../../Engine/Content/MobileResources/HUD/MobileHUDButtonFire.uasset" 826
"../../../Engine/Content/MobileResources/HUD/T_Castle_ThumbstickInner.uasset" 827
"../../../Noo/Content/FirstPersonBP/Blueprints/FirstPersonGameMode.uasset" 828
"../../../Engine/Content/MobileResources/T_MobileControls_texture.uasset" 829
"../../../Engine/Content/MobileResources/HUD/MobileHUDDirectionPad.uasset" 830
"../../../Engine/Content/MobileResources/HUD/MobileHUDButton2_off.uasset" 831
"../../../Engine/Content/MobileResources/HUD/MobileHUDButton3.uasset" 832
"../../../Engine/Content/MobileResources/HUD/T_Castle_ThumbstickOutter.uasset" 833
"../../../Engine/Content/MobileResources/HUD/MobileHUDButton1_off.uasset" 834
"../../../Engine/Content/MobileResources/T_MobileMenu2.uasset" 835
"../../../Engine/Content/MobileResources/HUD/VirtualJoystick_Background.uasset" 836
"../../../Engine/Content/MobileResources/HUD/VirtualJoystick_Thumb.uasset" 837
"../../../Engine/Content/MobileResources/HUD/DefaultVirtualJoysticks.uasset" 838
"../../../Engine/Content/MobileResources/HUD/LeftVirtualJoystickOnly.uasset" 839
"../../../Engine/Content/EditorResources/LightIcons/S_LightError.uasset" 840
"../../../Engine/Content/EditorResources/AudioIcons/S_AudioComponent_AutoActivate.uasset" 841
"../../../Engine/Content/EditorResources/AudioIcons/S_AudioComponent.uasset" 842
"../../../Engine/Content/EditorResources/EmptyActor.uasset" 843
"../../../Engine/Content/EditorMaterials/PhAT_JointLimitMaterial.uasset" 844
"../../../Engine/Content/EditorMaterials/PreviewShadowIndicator.uasset" 845
"../../../Engine/Content/EditorMaterials/PreviewShadowIndicatorMaterial.uasset" 846
"../../../Engine/Content/EditorMeshes/ColorCalibrator/M_ChromeBall.uasset" 847
"../../../Engine/Content/EditorMeshes/ColorCalibrator/M_ClearCoat.uasset" 848
"../../../Engine/Content/EditorMeshes/ColorCalibrator/M_ClearCoatBlack.uasset" 849
"../../../Engine/Content/EditorMeshes/ColorCalibrator/T_ColorGrid.uasset" 850
"../../../Engine/Content/EditorMeshes/ColorCalibrator/M_ColorGrid.uasset" 851
"../../../Engine/Content/EditorMeshes/ColorCalibrator/M_GreyBall.uasset" 852
"../../../Engine/Content/EditorMeshes/ColorCalibrator/SM_ColorCalibrator.uasset" 853
"../../../Engine/Content/EditorResources/BSPVertex.uasset" 854
"../../../Engine/Content/EngineDebugMaterials/BoneWeightMaterial.uasset" 855
"../../../Engine/Content/EngineDebugMaterials/GeomMaterial.uasset" 856
"../../../Engine/Content/EngineMaterials/EditorBrushMaterial.uasset" 857
"../../../Engine/Content/MobileResources/HUD/AnalogHat.uasset" 858
"../../../Engine/Content/MobileResources/HUD/MobileHUDDirectionPad3.uasset" 859
"../../../Engine/Content/Tutorial/Basics/TutorialAssets/icon_tab_Levels_40x.uasset" 860
"../../../Engine/Content/Tutorial/Basics/LevelEditorOverview.uasset" 861
"../../../Engine/Content/Tutorial/BlueprintTutorials/TutorialAssets/Blueprint_64x.uasset" 862
"../../../Engine/Content/Tutorial/BlueprintTutorials/BlueprintEditorTutorial.uasset" 863
"../../../Engine/Content/Tutorial/BlueprintTutorials/TutorialAssets/BlueprintInterface_64x.uasset" 864
"../../../Engine/Content/Tutorial/BlueprintTutorials/TutorialAssets/Tutorial_BP_Interface.uasset" 865
"../../../Engine/Content/Tutorial/BlueprintTutorials/BlueprintInterfacesEditorOverview.uasset" 866
"../../../Engine/Content/Tutorial/BlueprintTutorials/TutorialAssets/BlueprintMacroLibrary_64x.uasset" 867
"../../../Engine/Content/Tutorial/BlueprintTutorials/TutorialAssets/Tutorial_BP_MacroLib.uasset" 868
"../../../Engine/Content/Tutorial/BlueprintTutorials/BlueprintMacroLibrariesEditorOverview.uasset" 869
"../../../Engine/Content/Tutorial/BlueprintTutorials/LevelBlueprintEditorOverview.uasset" 870
"../../../Engine/Content/Tutorial/Foliage/TutorialAssets/Foliage.uasset" 871
"../../../Engine/Content/Tutorial/Foliage/Foliage_Settings_Tutorial.uasset" 872
"../../../Engine/Content/Tutorial/Foliage/Foliage_Using_The_Tool_Tutorial.uasset" 873
"../../../Engine/Content/Tutorial/Foliage/Foliage_Intro_Tutorial.uasset" 874
"../../../Engine/Content/Tutorial/Landscape/TutorialAssets/Landscape.uasset" 875
"../../../Engine/Content/Tutorial/Landscape/Landscape_Painting_Mode.uasset" 876
"../../../Engine/Content/Tutorial/Landscape/Landscape_Sculpt_Mode.uasset" 877
"../../../Engine/Content/Tutorial/Landscape/Landscape_Manage_Mode.uasset" 878
"../../../Engine/Content/Tutorial/Paper2D/TutorialAssets/Paper2DFlipbook_TutorialIcon.uasset" 879
"../../../Engine/Content/Tutorial/Paper2D/FlipbookEditorTutorial.uasset" 880
"../../../Engine/Content/Tutorial/Paper2D/TutorialAssets/Paper2DSprite_TutorialIcon.uasset" 881
"../../../Engine/Content/Tutorial/Paper2D/SpriteEditorTutorial.uasset" 882
"../../../Engine/Content/EditorMeshes/EditorCube.uasset" 883
"../../../Engine/Content/Tutorial/SubEditors/TutorialAssets/Tutorial_DM.uasset" 884
"../../../Engine/Content/Tutorial/SubEditors/DestructibleMeshEditorTutorial.uasset" 885
"../../../Engine/Content/Tutorial/SubEditors/TutorialAssets/TutorialMaterial.uasset" 886
"../../../Engine/Content/Tutorial/SubEditors/MaterialEditorTutorial.uasset" 887
"../../../Engine/Content/Tutorial/SubEditors/TutorialAssets/T_SmokeSubUV_8X8.uasset" 888
"../../../Engine/Content/Tutorial/SubEditors/TutorialAssets/T_soft_smoke.uasset" 889
"../../../Engine/Content/Tutorial/SubEditors/TutorialAssets/M_smoke_subUV_blackbody.uasset" 890
"../../../Engine/Content/Tutorial/SubEditors/TutorialAssets/TutorialParticleSystem.uasset" 891
"../../../Engine/Content/Tutorial/SubEditors/ParticleSystemEditorTutorial.uasset" 892
"../../../Engine/Content/Tutorial/SubEditors/TutorialAssets/icon_ShowSkeletalMeshes_40x.uasset" 893
"../../../Engine/Content/Tutorial/SubEditors/TutorialAssets/Character/TutorialTPP_Mat.uasset" 894
"../../../Engine/Content/Tutorial/SubEditors/TutorialAssets/Character/TutorialTPP_PhysicsAsset.uasset" 895
"../../../Engine/Content/Tutorial/SubEditors/TutorialAssets/Character/TutorialTPP.uasset" 896
"../../../Engine/Content/Tutorial/SubEditors/TutorialAssets/Character/TutorialTPP_Skeleton.uasset" 897
"../../../Engine/Content/Tutorial/SubEditors/TutorialAssets/Character/Tutorial_Idle.uasset" 898
"../../../Engine/Content/Tutorial/SubEditors/TutorialAssets/Character/Tutorial_Walk_Fwd.uasset" 899
"../../../Engine/Content/Tutorial/SubEditors/TutorialAssets/Character/NewBlendSpace1D.uasset" 900
"../../../Engine/Content/Tutorial/SubEditors/TutorialAssets/Character/TutorialCharacter.uasset" 901
"../../../Engine/Content/Tutorial/SubEditors/TutorialAssets/Character/TutorialTPP_AnimBlueprint.uasset" 902
"../../../Engine/Content/Tutorial/SubEditors/PersonaAnimBlueprintEditorWalkthrough.uasset" 903
"../../../Engine/Content/Tutorial/SubEditors/PersonaAnimEditorWalkthrough.uasset" 904
"../../../Engine/Content/EngineMeshes/Cube.uasset" 905
"../../../Engine/Content/Tutorial/SubEditors/StaticMeshEditorTutorial.uasset" 906
"../../../Engine/Content/Tutorial/SubEditors/TutorialAssets/icon_Editor_Preferences_General_40x.uasset" 907
